<?xml version="1.0" encoding="UTF-8"?>
<!-- Generated by org.testng.reporters.JUnitReportReporter -->
<testsuite hostname="DESKTOP-063AJHD" failures="0" tests="6" name="HurTest" time="0.002" errors="0" timestamp="2023-06-02T15:11:41 CEST" skipped="0">
  <testcase classname="HurTest" name="testCalcBadInput2" time="0.000"/>
  <testcase classname="HurTest" name="testCalcBadInput4" time="0.000"/>
  <testcase classname="HurTest" name="testCalcBadInput3" time="0.000"/>
  <testcase classname="HurTest" name="testCalcBadInput1" time="0.000"/>
  <testcase classname="HurTest" name="testCalcAreaSecond" time="0.000"/>
  <testcase classname="HurTest" name="testCalcAreaFirst" time="0.002"/>
</testsuite> <!-- HurTest -->
